# JRE version: OpenJDK Runtime Environment (8.0_152-b01) (build 1.8.0_152-release-915-b01)
# Java VM: OpenJDK 64-Bit Server VM (25.152-b01 mixed mode windows-amd64 compressed oops)
Heap:
 PSYoungGen      total 276480K, used 253157K [0x00000000eab00000, 0x00000000ffb00000, 0x0000000100000000)
  eden space 213504K, 100% used [0x00000000eab00000,0x00000000f7b80000,0x00000000f7b80000)
  from space 62976K, 62% used [0x00000000f7b80000,0x00000000fa2394c0,0x00000000fb900000)
  to   space 60928K, 99% used [0x00000000fbf80000,0x00000000ffaff848,0x00000000ffb00000)
 ParOldGen       total 164864K, used 164558K [0x00000000c0000000, 0x00000000ca100000, 0x00000000eab00000)
  object space 164864K, 99% used [0x00000000c0000000,0x00000000ca0b38c8,0x00000000ca100000)
 Metaspace       used 103601K, capacity 110836K, committed 110848K, reserved 1146880K
  class space    used 12427K, capacity 13814K, committed 13824K, reserved 1048576K
GC Heap History (10 events):
Event: 6869.323 GC heap after
Heap after GC invocations=70 (full 4):
 PSYoungGen      total 272384K, used 41557K [0x00000000eab00000, 0x00000000ffe00000, 0x0000000100000000)
  eden space 202752K, 0% used [0x00000000eab00000,0x00000000eab00000,0x00000000f7100000)
  from space 69632K, 59% used [0x00000000fb380000,0x00000000fdc15718,0x00000000ff780000)
  to   space 68096K, 0% used [0x00000000f7100000,0x00000000f7100000,0x00000000fb380000)
 ParOldGen       total 139264K, used 120194K [0x00000000c0000000, 0x00000000c8800000, 0x00000000eab00000)
  object space 139264K, 86% used [0x00000000c0000000,0x00000000c7560978,0x00000000c8800000)
 Metaspace       used 92412K, capacity 99394K, committed 99712K, reserved 1136640K
  class space    used 11263K, capacity 12594K, committed 12672K, reserved 1048576K
}
Event: 6882.525 GC heap before
{Heap before GC invocations=71 (full 4):
 PSYoungGen      total 272384K, used 244309K [0x00000000eab00000, 0x00000000ffe00000, 0x0000000100000000)
  eden space 202752K, 100% used [0x00000000eab00000,0x00000000f7100000,0x00000000f7100000)
  from space 69632K, 59% used [0x00000000fb380000,0x00000000fdc15718,0x00000000ff780000)
  to   space 68096K, 0% used [0x00000000f7100000,0x00000000f7100000,0x00000000fb380000)
 ParOldGen       total 139264K, used 120194K [0x00000000c0000000, 0x00000000c8800000, 0x00000000eab00000)
  object space 139264K, 86% used [0x00000000c0000000,0x00000000c7560978,0x00000000c8800000)
 Metaspace       used 92636K, capacity 99632K, committed 99712K, reserved 1136640K
  class space    used 11267K, capacity 12601K, committed 12672K, reserved 1048576K
Event: 6882.605 GC heap after
Heap after GC invocations=71 (full 4):
 PSYoungGen      total 270848K, used 37405K [0x00000000eab00000, 0x00000000ff880000, 0x0000000100000000)
  eden space 202752K, 0% used [0x00000000eab00000,0x00000000eab00000,0x00000000f7100000)
  from space 68096K, 54% used [0x00000000f7100000,0x00000000f95874e8,0x00000000fb380000)
  to   space 65024K, 0% used [0x00000000fb900000,0x00000000fb900000,0x00000000ff880000)
 ParOldGen       total 139264K, used 126107K [0x00000000c0000000, 0x00000000c8800000, 0x00000000eab00000)
  object space 139264K, 90% used [0x00000000c0000000,0x00000000c7b26d40,0x00000000c8800000)
 Metaspace       used 92636K, capacity 99632K, committed 99712K, reserved 1136640K
  class space    used 11267K, capacity 12601K, committed 12672K, reserved 1048576K
}
Event: 6897.794 GC heap before
{Heap before GC invocations=72 (full 4):
 PSYoungGen      total 270848K, used 240157K [0x00000000eab00000, 0x00000000ff880000, 0x0000000100000000)
  eden space 202752K, 100% used [0x00000000eab00000,0x00000000f7100000,0x00000000f7100000)
  from space 68096K, 54% used [0x00000000f7100000,0x00000000f95874e8,0x00000000fb380000)
  to   space 65024K, 0% used [0x00000000fb900000,0x00000000fb900000,0x00000000ff880000)
 ParOldGen       total 139264K, used 126107K [0x00000000c0000000, 0x00000000c8800000, 0x00000000eab00000)
  object space 139264K, 90% used [0x00000000c0000000,0x00000000c7b26d40,0x00000000c8800000)
 Metaspace       used 98367K, capacity 105404K, committed 105600K, reserved 1142784K
  class space    used 11826K, capacity 13179K, committed 13184K, reserved 1048576K
Event: 6897.915 GC heap after
Heap after GC invocations=72 (full 4):
 PSYoungGen      total 277504K, used 38623K [0x00000000eab00000, 0x00000000ff780000, 0x0000000100000000)
  eden space 213504K, 0% used [0x00000000eab00000,0x00000000eab00000,0x00000000f7b80000)
  from space 64000K, 60% used [0x00000000fb900000,0x00000000fdeb7d78,0x00000000ff780000)
  to   space 62976K, 0% used [0x00000000f7b80000,0x00000000f7b80000,0x00000000fb900000)
 ParOldGen       total 139264K, used 127847K [0x00000000c0000000, 0x00000000c8800000, 0x00000000eab00000)
  object space 139264K, 91% used [0x00000000c0000000,0x00000000c7cd9c60,0x00000000c8800000)
 Metaspace       used 98367K, capacity 105404K, committed 105600K, reserved 1142784K
  class space    used 11826K, capacity 13179K, committed 13184K, reserved 1048576K
}
Event: 6903.148 GC heap before
{Heap before GC invocations=73 (full 4):
 PSYoungGen      total 277504K, used 252127K [0x00000000eab00000, 0x00000000ff780000, 0x0000000100000000)
  eden space 213504K, 100% used [0x00000000eab00000,0x00000000f7b80000,0x00000000f7b80000)
  from space 64000K, 60% used [0x00000000fb900000,0x00000000fdeb7d78,0x00000000ff780000)
  to   space 62976K, 0% used [0x00000000f7b80000,0x00000000f7b80000,0x00000000fb900000)
 ParOldGen       total 139264K, used 127847K [0x00000000c0000000, 0x00000000c8800000, 0x00000000eab00000)
  object space 139264K, 91% used [0x00000000c0000000,0x00000000c7cd9c60,0x00000000c8800000)
 Metaspace       used 102112K, capacity 109314K, committed 109440K, reserved 1144832K
  class space    used 12255K, capacity 13645K, committed 13696K, reserved 1048576K
Event: 6903.223 GC heap after
Heap after GC invocations=73 (full 4):
 PSYoungGen      total 276480K, used 39653K [0x00000000eab00000, 0x00000000ffb00000, 0x0000000100000000)
  eden space 213504K, 0% used [0x00000000eab00000,0x00000000eab00000,0x00000000f7b80000)
  from space 62976K, 62% used [0x00000000f7b80000,0x00000000fa2394c0,0x00000000fb900000)
  to   space 60928K, 0% used [0x00000000fbf80000,0x00000000fbf80000,0x00000000ffb00000)
 ParOldGen       total 139264K, used 128439K [0x00000000c0000000, 0x00000000c8800000, 0x00000000eab00000)
  object space 139264K, 92% used [0x00000000c0000000,0x00000000c7d6dc80,0x00000000c8800000)
 Metaspace       used 102112K, capacity 109314K, committed 109440K, reserved 1144832K
  class space    used 12255K, capacity 13645K, committed 13696K, reserved 1048576K
}
Event: 6907.148 GC heap before
{Heap before GC invocations=74 (full 4):
 PSYoungGen      total 276480K, used 253157K [0x00000000eab00000, 0x00000000ffb00000, 0x0000000100000000)
  eden space 213504K, 100% used [0x00000000eab00000,0x00000000f7b80000,0x00000000f7b80000)
  from space 62976K, 62% used [0x00000000f7b80000,0x00000000fa2394c0,0x00000000fb900000)
  to   space 60928K, 0% used [0x00000000fbf80000,0x00000000fbf80000,0x00000000ffb00000)
 ParOldGen       total 139264K, used 128439K [0x00000000c0000000, 0x00000000c8800000, 0x00000000eab00000)
  object space 139264K, 92% used [0x00000000c0000000,0x00000000c7d6dc80,0x00000000c8800000)
 Metaspace       used 103601K, capacity 110836K, committed 110848K, reserved 1146880K
  class space    used 12427K, capacity 13814K, committed 13824K, reserved 1048576K
Event: 6907.446 GC heap after
Heap after GC invocations=74 (full 4):
 PSYoungGen      total 276480K, used 253157K [0x00000000eab00000, 0x00000000ffb00000, 0x0000000100000000)
  eden space 213504K, 100% used [0x00000000eab00000,0x00000000f7b80000,0x00000000f7b80000)
  from space 62976K, 62% used [0x00000000f7b80000,0x00000000fa2394c0,0x00000000fb900000)
  to   space 60928K, 99% used [0x00000000fbf80000,0x00000000ffaff848,0x00000000ffb00000)
 ParOldGen       total 164864K, used 164558K [0x00000000c0000000, 0x00000000ca100000, 0x00000000eab00000)
  object space 164864K, 99% used [0x00000000c0000000,0x00000000ca0b38c8,0x00000000ca100000)
 Metaspace       used 103601K, capacity 110836K, committed 110848K, reserved 1146880K
  class space    used 12427K, capacity 13814K, committed 13824K, reserved 1048576K
}
Event: 6907.446 GC heap before
{Heap before GC invocations=75 (full 5):
 PSYoungGen      total 276480K, used 253157K [0x00000000eab00000, 0x00000000ffb00000, 0x0000000100000000)
  eden space 213504K, 100% used [0x00000000eab00000,0x00000000f7b80000,0x00000000f7b80000)
  from space 62976K, 62% used [0x00000000f7b80000,0x00000000fa2394c0,0x00000000fb900000)
  to   space 60928K, 99% used [0x00000000fbf80000,0x00000000ffaff848,0x00000000ffb00000)
 ParOldGen       total 164864K, used 164558K [0x00000000c0000000, 0x00000000ca100000, 0x00000000eab00000)
  object space 164864K, 99% used [0x00000000c0000000,0x00000000ca0b38c8,0x00000000ca100000)
 Metaspace       used 103601K, capacity 110836K, committed 110848K, reserved 1146880K
  class space    used 12427K, capacity 13814K, committed 13824K, reserved 1048576K

